<?xml version="1.0" encoding="UTF-8"?>
<!-- Generated by org.testng.reporters.JUnitReportReporter -->
<testsuite hostname="DESKTOP-PTC7N5O" failures="0" tests="1" name="com.testNg.com.testNg_test.Ebay_Home_Sanity" time="7.504" errors="0" timestamp="2023-11-13T15:10:25 IST" skipped="0">
  <testcase classname="com.testNg.com.testNg_test.Ebay_Home_Sanity" name="empty_search_test" time="7.504"/>
  <system-out/>
</testsuite> <!-- com.testNg.com.testNg_test.Ebay_Home_Sanity -->
